Start testing: Aug 29 16:29 CEST
----------------------------------------------------------
1/1 Testing: test1
1/1 Test: test1
Command: "/home/gocarlos/git/unit_tests_example/build/unit_test_example_test"
Directory: /home/gocarlos/git/unit_tests_example/build
"test1" start time: Aug 29 16:29 CEST
Output:
----------------------------------------------------------
Running main() from gtest_main.cc
[==========] Running 6 tests from 3 test cases.
[----------] Global test environment set-up.
[----------] 2 tests from VecGenTest
[ RUN      ] VecGenTest.test_right_generation_length
[       OK ] VecGenTest.test_right_generation_length (0 ms)
[ RUN      ] VecGenTest.test_range
[       OK ] VecGenTest.test_range (0 ms)
[----------] 2 tests from VecGenTest (0 ms total)

[----------] 2 tests from SorterTest
[ RUN      ] SorterTest.test_right_sorting_length
[       OK ] SorterTest.test_right_sorting_length (0 ms)
[ RUN      ] SorterTest.test_right_order
[       OK ] SorterTest.test_right_order (1 ms)
[----------] 2 tests from SorterTest (1 ms total)

[----------] 2 tests from SearchTest
[ RUN      ] SearchTest.containing_search_value
[       OK ] SearchTest.containing_search_value (0 ms)
[ RUN      ] SearchTest.not_containing_search_value
[       OK ] SearchTest.not_containing_search_value (0 ms)
[----------] 2 tests from SearchTest (0 ms total)

[----------] Global test environment tear-down
[==========] 6 tests from 3 test cases ran. (1 ms total)
[  PASSED  ] 6 tests.
<end of output>
Test time =   0.00 sec
----------------------------------------------------------
Test Passed.
"test1" end time: Aug 29 16:29 CEST
"test1" time elapsed: 00:00:00
----------------------------------------------------------

End testing: Aug 29 16:29 CEST
